<?xml version="1.0" encoding="UTF-8"?>
<!-- Generated by org.testng.reporters.JUnitReportReporter -->
<testsuite hostname="KALYANI" failures="0" tests="2" name="test_01.Assisment_project.Test_cases" time="18.278" errors="0" timestamp="2024-09-11T15:11:23 IST" skipped="0">
  <testcase classname="test_01.Assisment_project.Test_cases" name="unsuccessful_login" time="8.683"/>
  <system-out/>
  <testcase classname="test_01.Assisment_project.Test_cases" name="succesfull_login" time="9.595"/>
  <system-out/>
</testsuite> <!-- test_01.Assisment_project.Test_cases -->
